<?xml version="1.0"?>
<!DOCTYPE vortaro SYSTEM "../dtd/vokoxml.dtd">

<vortaro>
<art mrk="$Id: volfram.xml,v 1.21 2015/07/04 08:37:45 revo Exp $">
<kap>
  <rad>volfram</rad>/o
</kap>
</art>
</vortaro>


